#
# There is insufficient memory for the Java Runtime Environment to continue.
# Native memory allocation (mmap) failed to map 132120576 bytes for G1 virtual space
# Possible reasons:
#   The system is out of physical RAM or swap space
#   The process is running with CompressedOops enabled, and the Java Heap may be blocking the growth of the native heap
# Possible solutions:
#   Reduce memory load on the system
#   Increase physical memory or swap space
#   Check if swap backing store is full
#   Decrease Java heap size (-Xmx/-Xms)
#   Decrease number of Java threads
#   Decrease Java thread stack sizes (-Xss)
#   Set larger code cache with -XX:ReservedCodeCacheSize=
#   JVM is running with Unscaled Compressed Oops mode in which the Java heap is
#     placed in the first 4GB address space. The Java Heap base address is the
#     maximum limit for the native heap growth. Please use -XX:HeapBaseMinAddress
#     to set the Java Heap base and to place the Java Heap above 4GB virtual address.
# This output file may be truncated or incomplete.
#
#  Out of Memory Error (os_windows.cpp:3551), pid=17504, tid=7284
#
# JRE version:  (17.0.14+8) (build )
# Java VM: Java HotSpot(TM) 64-Bit Server VM (17.0.14+8-LTS-191, mixed mode, sharing, tiered, compressed oops, compressed class ptrs, g1 gc, windows-amd64)
# No core dump will be written. Minidumps are not enabled by default on client versions of Windows
#

---------------  S U M M A R Y ------------

Command Line: 

Host: Intel(R) Core(TM) i3-8130U CPU @ 2.20GHz, 4 cores, 7G,  Windows 10 , 64 bit Build 19041 (10.0.19041.5198)
Time: Sat Feb  1 01:19:07 2025  Windows 10 , 64 bit Build 19041 (10.0.19041.5198) elapsed time: 0.043121 seconds (0d 0h 0m 0s)

---------------  T H R E A D  ---------------

Current thread (0x0000026c22b32ee0):  JavaThread "Unknown thread" [_thread_in_vm, id=7284, stack(0x000000bec7700000,0x000000bec7800000)]

Stack: [0x000000bec7700000,0x000000bec7800000]
Native frames: (J=compiled Java code, j=interpreted, Vv=VM code, C=native code)
V  [jvm.dll+0x67a38a]
V  [jvm.dll+0x7da7ed]
V  [jvm.dll+0x7dc133]
V  [jvm.dll+0x7dc7a3]
V  [jvm.dll+0x24517f]
V  [jvm.dll+0x6773b9]
V  [jvm.dll+0x66c062]
V  [jvm.dll+0x302096]
V  [jvm.dll+0x309636]
V  [jvm.dll+0x359f8e]
V  [jvm.dll+0x35a1bf]
V  [jvm.dll+0x2d9168]
V  [jvm.dll+0x2da0d4]
V  [jvm.dll+0x7acf71]
V  [jvm.dll+0x3677f1]
V  [jvm.dll+0x78bdf9]
V  [jvm.dll+0x3ecbaf]
V  [jvm.dll+0x3ee7e1]
C  [jli.dll+0x5297]
C  [ucrtbase.dll+0x21bb2]
C  [KERNEL32.DLL+0x17374]
C  [ntdll.dll+0x4cc91]


---------------  P R O C E S S  ---------------

Threads class SMR info:
_java_thread_list=0x00007ffd31e08a18, length=0, elements={
}

Java Threads: ( => current thread )

Other Threads:
  0x0000026c22b8b910 GCTaskThread "GC Thread#0" [stack: 0x000000bec7800000,0x000000bec7900000] [id=8236]
  0x0000026c22b9d680 ConcurrentGCThread "G1 Main Marker" [stack: 0x000000bec7900000,0x000000bec7a00000] [id=1404]
  0x0000026c22b9efb0 ConcurrentGCThread "G1 Conc#0" [stack: 0x000000bec7a00000,0x000000bec7b00000] [id=14896]

[error occurred during error reporting (printing all threads), id 0xc0000005, EXCEPTION_ACCESS_VIOLATION (0xc0000005) at pc=0x00007ffd31639c57]

VM state: not at safepoint (not fully initialized)

VM Mutex/Monitor currently owned by a thread:  ([mutex/lock_event])
[0x0000026c22b2e480] Heap_lock - owner thread: 0x0000026c22b32ee0

Heap address: 0x0000000082800000, size: 2008 MB, Compressed Oops mode: 32-bit

CDS archive(s) mapped at: [0x0000000000000000-0x0000000000000000-0x0000000000000000), size 0, SharedBaseAddress: 0x0000000800000000, ArchiveRelocationMode: 1.
Narrow klass base: 0x0000000000000000, Narrow klass shift: 0, Narrow klass range: 0x0

GC Precious Log:
<Empty>

Heap:
 garbage-first heap   total 0K, used 0K [0x0000000082800000, 0x0000000100000000)
  region size 1024K, 0 young (0K), 0 survivors (0K)

[error occurred during error reporting (printing heap information), id 0xc0000005, EXCEPTION_ACCESS_VIOLATION (0xc0000005) at pc=0x00007ffd31a23b79]

GC Heap History (0 events):
No events

Deoptimization events (0 events):
No events

Classes unloaded (0 events):
No events

Classes redefined (0 events):
No events

Internal exceptions (0 events):
No events

VM Operations (0 events):
No events

Events (1 events):
Event: 0.024 Loaded shared library C:\Program Files\Java\jdk-17\bin\java.dll


Dynamic libraries:
0x00007ff758ea0000 - 0x00007ff758eb0000 	C:\Program Files\Java\jdk-17\bin\java.exe
0x00007ffd71ed0000 - 0x00007ffd720c8000 	C:\WINDOWS\SYSTEM32\ntdll.dll
0x00007ffd71360000 - 0x00007ffd71422000 	C:\WINDOWS\System32\KERNEL32.DLL
0x00007ffd6f790000 - 0x00007ffd6fa8f000 	C:\WINDOWS\System32\KERNELBASE.dll
0x00007ffd6f590000 - 0x00007ffd6f690000 	C:\WINDOWS\System32\ucrtbase.dll
0x00007ffd66ab0000 - 0x00007ffd66ac9000 	C:\Program Files\Java\jdk-17\bin\jli.dll
0x00007ffd702f0000 - 0x00007ffd703a1000 	C:\WINDOWS\System32\ADVAPI32.dll
0x00007ffd70250000 - 0x00007ffd702ee000 	C:\WINDOWS\System32\msvcrt.dll
0x00007ffd71c90000 - 0x00007ffd71d2f000 	C:\WINDOWS\System32\sechost.dll
0x00007ffd70ce0000 - 0x00007ffd70e03000 	C:\WINDOWS\System32\RPCRT4.dll
0x00007ffd6f560000 - 0x00007ffd6f587000 	C:\WINDOWS\System32\bcrypt.dll
0x00007ffd6ffd0000 - 0x00007ffd7016d000 	C:\WINDOWS\System32\USER32.dll
0x00007ffd6fc50000 - 0x00007ffd6fc72000 	C:\WINDOWS\System32\win32u.dll
0x00007ffd6ffa0000 - 0x00007ffd6ffcb000 	C:\WINDOWS\System32\GDI32.dll
0x00007ffd6fa90000 - 0x00007ffd6fba7000 	C:\WINDOWS\System32\gdi32full.dll
0x00007ffd6fbb0000 - 0x00007ffd6fc4d000 	C:\WINDOWS\System32\msvcp_win.dll
0x00007ffd66ad0000 - 0x00007ffd66aeb000 	C:\Program Files\Java\jdk-17\bin\VCRUNTIME140.dll
0x00007ffd4fd40000 - 0x00007ffd4ffda000 	C:\WINDOWS\WinSxS\amd64_microsoft.windows.common-controls_6595b64144ccf1df_6.0.19041.4355_none_60b8b9eb71f62e16\COMCTL32.dll
0x00007ffd5be00000 - 0x00007ffd5be0a000 	C:\WINDOWS\SYSTEM32\VERSION.dll
0x00007ffd71e60000 - 0x00007ffd71e8f000 	C:\WINDOWS\System32\IMM32.DLL
0x00007ffd67860000 - 0x00007ffd6786c000 	C:\Program Files\Java\jdk-17\bin\vcruntime140_1.dll
0x00007ffd5e8f0000 - 0x00007ffd5e97e000 	C:\Program Files\Java\jdk-17\bin\msvcp140.dll
0x00007ffd31350000 - 0x00007ffd31f31000 	C:\Program Files\Java\jdk-17\bin\server\jvm.dll
0x00007ffd70e10000 - 0x00007ffd70e18000 	C:\WINDOWS\System32\PSAPI.DLL
0x00007ffd58f10000 - 0x00007ffd58f19000 	C:\WINDOWS\SYSTEM32\WSOCK32.dll
0x00007ffd71270000 - 0x00007ffd712db000 	C:\WINDOWS\System32\WS2_32.dll
0x00007ffd55590000 - 0x00007ffd555b7000 	C:\WINDOWS\SYSTEM32\WINMM.dll
0x00007ffd6dd40000 - 0x00007ffd6dd52000 	C:\WINDOWS\SYSTEM32\kernel.appcore.dll
0x00007ffd66aa0000 - 0x00007ffd66aaa000 	C:\Program Files\Java\jdk-17\bin\jimage.dll
0x00007ffd6da50000 - 0x00007ffd6dc34000 	C:\WINDOWS\SYSTEM32\DBGHELP.DLL
0x00007ffd65330000 - 0x00007ffd65364000 	C:\WINDOWS\SYSTEM32\dbgcore.DLL
0x00007ffd6f700000 - 0x00007ffd6f782000 	C:\WINDOWS\System32\bcryptPrimitives.dll
0x00007ffd5e8c0000 - 0x00007ffd5e8e5000 	C:\Program Files\Java\jdk-17\bin\java.dll

dbghelp: loaded successfully - version: 4.0.5 - missing functions: none
symbol engine: initialized successfully - sym options: 0x614 - pdb path: .;C:\Program Files\Java\jdk-17\bin;C:\WINDOWS\SYSTEM32;C:\WINDOWS\WinSxS\amd64_microsoft.windows.common-controls_6595b64144ccf1df_6.0.19041.4355_none_60b8b9eb71f62e16;C:\Program Files\Java\jdk-17\bin\server

VM Arguments:
java_command: <unknown>
java_class_path (initial): <not set>
Launcher Type: SUN_STANDARD

[Global flags]
     intx CICompilerCount                          = 3                                         {product} {ergonomic}
     uint ConcGCThreads                            = 1                                         {product} {ergonomic}
     uint G1ConcRefinementThreads                  = 4                                         {product} {ergonomic}
   size_t G1HeapRegionSize                         = 1048576                                   {product} {ergonomic}
    uintx GCDrainStackTargetSize                   = 64                                        {product} {ergonomic}
   size_t InitialHeapSize                          = 132120576                                 {product} {ergonomic}
   size_t MarkStackSize                            = 4194304                                   {product} {ergonomic}
   size_t MaxHeapSize                              = 2105540608                                {product} {ergonomic}
   size_t MinHeapDeltaBytes                        = 1048576                                   {product} {ergonomic}
   size_t MinHeapSize                              = 8388608                                   {product} {ergonomic}
    uintx NonNMethodCodeHeapSize                   = 5832780                                {pd product} {ergonomic}
    uintx NonProfiledCodeHeapSize                  = 122912730                              {pd product} {ergonomic}
    uintx ProfiledCodeHeapSize                     = 122912730                              {pd product} {ergonomic}
    uintx ReservedCodeCacheSize                    = 251658240                              {pd product} {ergonomic}
     bool SegmentedCodeCache                       = true                                      {product} {ergonomic}
   size_t SoftMaxHeapSize                          = 2105540608                             {manageable} {ergonomic}
     bool UseCompressedClassPointers               = true                           {product lp64_product} {ergonomic}
     bool UseCompressedOops                        = true                           {product lp64_product} {ergonomic}
     bool UseG1GC                                  = true                                      {product} {ergonomic}
     bool UseLargePagesIndividualAllocation        = false                                  {pd product} {ergonomic}

Logging:
Log output configuration:
 #0: stdout all=warning uptime,level,tags
 #1: stderr all=off uptime,level,tags

Environment Variables:
PATH=C:\Program Files\Common Files\Oracle\Java\javapath;C:\WINDOWS\system32;C:\WINDOWS;C:\WINDOWS\System32\Wbem;C:\WINDOWS\System32\WindowsPowerShell\v1.0\;C:\WINDOWS\System32\OpenSSH\;C:\Program Files (x86)\Pulse Secure\VC142.CRT\X64\;C:\Program Files (x86)\Pulse Secure\VC142.CRT\X86\;C:\Program Files (x86)\Common Files\Pulse Secure\TNC Client Plugin\;C:\Program Files\Git\cmd;C:\gradle-8.6\bin;C:\Users\수진.수진\AppData\Local\Programs\Python\Python310\Scripts\;C:\Users\수진.수진\AppData\Local\Programs\Python\Python310\;C:\Users\수진.수진\AppData\Local\Microsoft\WindowsApps;C:\Program Files\JetBrains\PyCharm Community Edition 2022.1.1\bin;C:\gradle-8.6\bin;
USERNAME=수진
LANG=en_US.UTF-8
OS=Windows_NT
PROCESSOR_IDENTIFIER=Intel64 Family 6 Model 142 Stepping 10, GenuineIntel



---------------  S Y S T E M  ---------------

OS:
 Windows 10 , 64 bit Build 19041 (10.0.19041.5198)
OS uptime: 1 days 2:32 hours
Hyper-V role detected

CPU: total 4 (initial active 4) (2 cores per cpu, 2 threads per core) family 6 model 142 stepping 10 microcode 0xb4, cx8, cmov, fxsr, ht, mmx, 3dnowpref, sse, sse2, sse3, ssse3, sse4.1, sse4.2, popcnt, lzcnt, tsc, tscinvbit, avx, avx2, aes, erms, clmul, bmi1, bmi2, adx, fma, vzeroupper, clflush, clflushopt, hv

Memory: 4k page, system-wide physical 8025M (387M free)
TotalPageFile size 12121M (AvailPageFile size 36M)
current process WorkingSet (physical memory assigned to process): 10M, peak: 10M
current process commit charge ("private bytes"): 51M, peak: 177M

vm_info: Java HotSpot(TM) 64-Bit Server VM (17.0.14+8-LTS-191) for windows-amd64 JRE (17.0.14+8-LTS-191), built on Dec  3 2024 11:07:59 by "mach5one" with MS VC++ 17.6 (VS2022)

END.
